<?xml version="1.0" encoding="UTF-8"?>
<testsuite xmlns:xsi="http://www.w3.org/2001/XMLSchema-instance" xsi:noNamespaceSchemaLocation="https://maven.apache.org/surefire/maven-surefire-plugin/xsd/surefire-test-report.xsd" version="3.0.2" name="com.typemesh.backend.MeshControllerTests" time="1.254" tests="5" errors="0" skipped="0" failures="0" flakes="0">
  <properties>
[...]
</properties>
  <testcase name="meshEndpointReturnsSvgGeometryShape" classname="com.typemesh.backend.MeshControllerTests" time="0.101">
    <system-out><![CDATA[19:59:59.540 [main] INFO org.springframework.test.context.support.AnnotationConfigContextLoaderUtils -- Could not detect default configuration classes for test class [com.typemesh.backend.MeshControllerTests]: MeshControllerTests does not declare any static, non-private, non-final, nested classes annotated with @Configuration.
19:59:59.603 [main] INFO org.springframework.boot.test.context.SpringBootTestContextBootstrapper -- Found @SpringBootConfiguration com.typemesh.backend.TypeMeshApplication for test class com.typemesh.backend.MeshControllerTests
19:59:59.652 [main] INFO org.springframework.test.context.support.AnnotationConfigContextLoaderUtils -- Could not detect default configuration classes for test class [com.typemesh.backend.MeshControllerTests]: MeshControllerTests does not declare any static, non-private, non-final, nested classes annotated with @Configuration.
19:59:59.653 [main] INFO org.springframework.boot.test.context.SpringBootTestContextBootstrapper -- Found @SpringBootConfiguration com.typemesh.backend.TypeMeshApplication for test class com.typemesh.backend.MeshControllerTests

  .   ____          _            __ _ _
 /\\ / ___'_ __ _ _(_)_ __  __ _ \ \ \ \
( ( )\___ | '_ | '_| | '_ \/ _` | \ \ \ \
 \\/  ___)| |_)| | | | | || (_| |  ) ) ) )
  '  |____| .__|_| |_|_| |_\__, | / / / /
 =========|_|==============|___/=/_/_/_/

 :: Spring Boot ::                (v4.0.6)

2026-05-27T19:59:59.807-04:00  INFO 11412 --- [           main] c.typemesh.backend.MeshControllerTests   : Starting MeshControllerTests using Java 25.0.2 with PID 11412 (started by asher in /Users/asher/Documents/Developer/TypeMesh/backend)
2026-05-27T19:59:59.807-04:00  INFO 11412 --- [           main] c.typemesh.backend.MeshControllerTests   : No active profile set, falling back to 1 default profile: "default"
2026-05-27T20:00:00.484-04:00  INFO 11412 --- [           main] o.s.b.t.m.w.SpringBootMockServletContext : Initializing Spring TestDispatcherServlet ''
2026-05-27T20:00:00.484-04:00  INFO 11412 --- [           main] o.s.t.web.servlet.TestDispatcherServlet  : Initializing Servlet ''
2026-05-27T20:00:00.489-04:00  INFO 11412 --- [           main] o.s.b.a.e.web.EndpointLinksResolver      : Exposing 1 endpoint beneath base path '/actuator'
2026-05-27T20:00:00.493-04:00  INFO 11412 --- [           main] o.s.t.web.servlet.TestDispatcherServlet  : Completed initialization in 9 ms
2026-05-27T20:00:00.519-04:00  INFO 11412 --- [           main] c.typemesh.backend.MeshControllerTests   : Started MeshControllerTests in 0.834 seconds (process running for 2.0)
]]></system-out>
  </testcase>
  <testcase name="healthEndpointReportsServiceStatus" classname="com.typemesh.backend.MeshControllerTests" time="0.004"/>
  <testcase name="apiCorsAllowsLocalFrontend" classname="com.typemesh.backend.MeshControllerTests" time="0.007"/>
  <testcase name="meshEndpointReturnsDefaultWordmark" classname="com.typemesh.backend.MeshControllerTests" time="0.007"/>
  <testcase name="meshEndpointSanitizesBrandInput" classname="com.typemesh.backend.MeshControllerTests" time="0.004"/>
</testsuite>